Ning˙n archivo ha sido modificado. Hora: Wed Sep 28 20:38:46 2022
Ning˙n archivo ha sido modificado. Hora: Wed Sep 28 20:39:00 2022
Ning√∫n archivo ha sido modificado. Hora: Wed Sep 28 20:42:43 2022
Ning√∫n archivo ha sido modificado. Hora: Wed Sep 28 20:43:00 2022
Ning√∫n archivo ha sido modificado. Hora: Wed Sep 28 20:43:49 2022
Ning√∫n archivo ha sido modificado. Hora: Wed Sep 28 20:44:00 2022
Ning√∫n archivo ha sido modificado. Hora: Wed Sep 28 20:45:16 2022
Ning√∫n archivo ha sido modificado. Hora: Wed Sep 28 20:46:00 2022
Ning√∫n archivo ha sido modificado. Hora: Wed Sep 28 20:47:07 2022
Ning√∫n archivo ha sido modificado. Hora: Wed Sep 28 20:48:00 2022
Ning√∫n archivo ha sido modificado. Hora: Wed Sep 28 20:53:13 2022
Ning√∫n archivo ha sido modificado. Hora: Wed Sep 28 20:54:00 2022
Ning√∫n archivo ha sido modificado. Hora: Wed Sep 28 20:56:06 2022
Ning√∫n archivo ha sido modificado. Hora: Wed Sep 28 20:57:00 2022
Ning√∫n archivo ha sido modificado. Hora: Wed Sep 28 20:58:35 2022
Ning√∫n archivo ha sido modificado. Hora: Wed Sep 28 20:59:00 2022
Ning√∫n archivo ha sido modificado. Hora: Wed Sep 28 21:00:24 2022
Ning√∫n archivo ha sido modificado. Hora: Wed Sep 28 21:01:00 2022
Ning√∫n archivo ha sido modificado. Hora: Wed Sep 28 21:03:17 2022
Ning√∫n archivo ha sido modificado. Hora: Wed Sep 28 21:04:00 2022
Ning√∫n archivo ha sido modificado. Hora: Wed Sep 28 21:04:29 2022
Ning√∫n archivo ha sido modificado. Hora: Wed Sep 28 21:05:00 2022
Ning√∫n archivo ha sido modificado. Hora: Thu Sep 29 10:42:59 2022
Ning√∫n archivo ha sido modificado. Hora: Thu Sep 29 10:43:00 2022
Ning√∫n archivo ha sido modificado. Hora: Thu Sep 29 10:43:22 2022
Ning√∫n archivo ha sido modificado. Hora: Thu Sep 29 10:43:35 2022
Ning√∫n archivo ha sido modificado. Hora: Thu Sep 29 10:44:00 2022
Ning√∫n archivo ha sido modificado. Hora: Thu Sep 29 10:51:18 2022
El archivo C:\Users\mendo\Desktop\Proyectos\US_ES_SSII\SSII-PAI1\archivos\archivos2\texto.txt ha sido MODIFICADO. Hora: Thu Sep 29 10:52:00 2022
El archivo C:\Users\mendo\Desktop\Proyectos\US_ES_SSII\SSII-PAI1\archivos\paisaje_copia.jpg ha sido MODIFICADO. Hora: Thu Sep 29 10:52:00 2022
Ning√∫n archivo ha sido modificado. Hora: Thu Sep 29 10:54:24 2022
El archivo C:\Users\mendo\Desktop\Proyectos\US_ES_SSII\SSII-PAI1\archivos\archivos2\texto.txt ha sido MODIFICADO. Hora: Thu Sep 29 10:55:00 2022
El archivo C:\Users\mendo\Desktop\Proyectos\US_ES_SSII\SSII-PAI1\archivos\paisaje_copia.jpg ha sido MODIFICADO. Hora: Thu Sep 29 10:55:00 2022
Ning√∫n archivo ha sido modificado. Hora: Thu Sep 29 11:01:37 2022
El archivo C:\Users\mendo\Desktop\Proyectos\US_ES_SSII\SSII-PAI1\archivos\archivos2\texto.txt ha sido MODIFICADO. Hora: Thu Sep 29 11:02:00 2022
Ning√∫n archivo ha sido modificado. Hora: Thu Sep 29 11:02:20 2022
El archivo C:\Users\mendo\Desktop\Proyectos\US_ES_SSII\SSII-PAI1\archivos\archivos2\texto.txt ha sido MODIFICADO. Hora: Thu Sep 29 11:04:00 2022
El archivo C:\Users\mendo\Desktop\Proyectos\US_ES_SSII\SSII-PAI1\archivos\paisaje_copia.jpg ha sido MODIFICADO. Hora: Thu Sep 29 11:04:00 2022
Ning√∫n archivo ha sido modificado. Hora: Thu Sep 29 18:55:44 2022
Ning√∫n archivo ha sido modificado. Hora: Thu Sep 29 18:57:22 2022
Ning√∫n archivo ha sido modificado. Hora: Thu Sep 29 18:58:00 2022
Ning√∫n archivo ha sido modificado. Hora: Thu Sep 29 19:21:13 2022
Ning√∫n archivo ha sido modificado. Hora: Thu Sep 29 19:22:25 2022
Ning√∫n archivo ha sido modificado. Hora: Thu Sep 29 19:22:59 2022
Ning√∫n archivo ha sido modificado. Hora: Thu Sep 29 19:23:10 2022
Ning√∫n archivo ha sido modificado. Hora: Thu Sep 29 19:24:00 2022
Ning√∫n archivo ha sido modificado. Hora: Thu Sep 29 19:27:23 2022
Ning√∫n archivo ha sido modificado. Hora: Thu Sep 29 19:27:34 2022
Ning√∫n archivo ha sido modificado. Hora: Thu Sep 29 19:27:44 2022
Ning√∫n archivo ha sido modificado. Hora: Thu Sep 29 19:27:54 2022
Ning√∫n archivo ha sido modificado. Hora: Thu Sep 29 19:28:04 2022
Ning√∫n archivo ha sido modificado. Hora: Thu Sep 29 19:28:14 2022
Ning√∫n archivo ha sido modificado. Hora: Thu Sep 29 19:28:24 2022
Ning√∫n archivo ha sido modificado. Hora: Thu Sep 29 19:28:34 2022
Ning√∫n archivo ha sido modificado. Hora: Thu Sep 29 19:28:44 2022
Ning√∫n archivo ha sido modificado. Hora: Thu Sep 29 19:28:54 2022
Ning√∫n archivo ha sido modificado. Hora: Thu Sep 29 19:29:04 2022
Ning√∫n archivo ha sido modificado. Hora: Thu Sep 29 19:29:14 2022
Ning√∫n archivo ha sido modificado. Hora: Thu Sep 29 19:29:24 2022
Ning√∫n archivo ha sido modificado. Hora: Thu Sep 29 19:29:35 2022
Ning√∫n archivo ha sido modificado. Hora: Thu Sep 29 19:29:45 2022
Ning√∫n archivo ha sido modificado. Hora: Thu Sep 29 19:29:55 2022
El archivo C:\Users\Puche\Documents\GitHub\SSII-PAI1\archivos\archivos2\texto.txt ha sido MODIFICADO. Hora: Thu Sep 29 19:30:05 2022
El archivo C:\Users\Puche\Documents\GitHub\SSII-PAI1\archivos\archivos2\texto.txt ha sido MODIFICADO. Hora: Thu Sep 29 19:30:15 2022
El archivo C:\Users\Puche\Documents\GitHub\SSII-PAI1\archivos\archivos2\texto.txt ha sido MODIFICADO. Hora: Thu Sep 29 19:30:25 2022
El archivo C:\Users\Puche\Documents\GitHub\SSII-PAI1\archivos\archivos2\texto.txt ha sido MODIFICADO. Hora: Thu Sep 29 19:30:35 2022
El archivo C:\Users\Puche\Documents\GitHub\SSII-PAI1\archivos\archivos2\texto.txt ha sido MODIFICADO. Hora: Thu Sep 29 19:30:45 2022
El archivo C:\Users\Puche\Documents\GitHub\SSII-PAI1\archivos\archivos2\texto.txt ha sido MODIFICADO. Hora: Thu Sep 29 19:30:55 2022
El archivo C:\Users\Puche\Documents\GitHub\SSII-PAI1\archivos\archivos2\texto.txt ha sido MODIFICADO. Hora: Thu Sep 29 19:31:05 2022
El archivo C:\Users\Puche\Documents\GitHub\SSII-PAI1\archivos\archivos2\texto.txt ha sido MODIFICADO. Hora: Thu Sep 29 19:31:15 2022
El archivo C:\Users\Puche\Documents\GitHub\SSII-PAI1\archivos\archivos2\texto.txt ha sido MODIFICADO. Hora: Thu Sep 29 19:31:25 2022
El archivo C:\Users\Puche\Documents\GitHub\SSII-PAI1\archivos\archivos2\texto.txt ha sido MODIFICADO. Hora: Thu Sep 29 19:31:35 2022
El archivo C:\Users\Puche\Documents\GitHub\SSII-PAI1\archivos\archivos2\texto.txt ha sido MODIFICADO. Hora: Thu Sep 29 19:31:46 2022
El archivo C:\Users\Puche\Documents\GitHub\SSII-PAI1\archivos\archivos2\texto.txt ha sido MODIFICADO. Hora: Thu Sep 29 19:31:56 2022
El archivo C:\Users\Puche\Documents\GitHub\SSII-PAI1\archivos\archivos2\texto.txt ha sido MODIFICADO. Hora: Thu Sep 29 19:32:06 2022
El archivo C:\Users\Puche\Documents\GitHub\SSII-PAI1\archivos\archivos2\texto.txt ha sido MODIFICADO. Hora: Thu Sep 29 19:32:16 2022
Ning√∫n archivo ha sido modificado. Hora: Sat Oct  1 14:06:59 2022
Ning√∫n archivo ha sido modificado. Hora: Sat Oct  1 14:07:05 2022
Ning√∫n archivo ha sido modificado. Hora: Sat Oct  1 14:07:10 2022
Ning√∫n archivo ha sido modificado. Hora: Sat Oct  1 14:07:15 2022
Ning√∫n archivo ha sido modificado. Hora: Sat Oct  1 14:07:26 2022
Ning√∫n archivo ha sido modificado. Hora: Sat Oct  1 14:07:32 2022
Ning√∫n archivo ha sido modificado. Hora: Sat Oct  1 14:07:37 2022
Ning√∫n archivo ha sido modificado. Hora: Sat Oct  1 14:07:42 2022
Ning√∫n archivo ha sido modificado. Hora: Sat Oct  1 14:07:47 2022
Ning√∫n archivo ha sido modificado. Hora: Sat Oct  1 14:07:52 2022
Ning√∫n archivo ha sido modificado. Hora: Sat Oct  1 14:07:57 2022
Ning√∫n archivo ha sido modificado. Hora: Sat Oct  1 14:08:02 2022
Ning√∫n archivo ha sido modificado. Hora: Sat Oct  1 14:08:07 2022
Ning√∫n archivo ha sido modificado. Hora: Sat Oct  1 14:08:12 2022
Ning√∫n archivo ha sido modificado. Hora: Sat Oct  1 14:08:17 2022
Ning√∫n archivo ha sido modificado. Hora: Sat Oct  1 14:08:22 2022
Ning√∫n archivo ha sido modificado. Hora: Sat Oct  1 14:10:16 2022
Ning√∫n archivo ha sido modificado. Hora: Sat Oct  1 14:10:21 2022
Ning√∫n archivo ha sido modificado. Hora: Sat Oct  1 14:10:26 2022
Ning√∫n archivo ha sido modificado. Hora: Sat Oct  1 14:10:32 2022
Ning√∫n archivo ha sido modificado. Hora: Sat Oct  1 14:10:37 2022
Ning√∫n archivo ha sido modificado. Hora: Sat Oct  1 14:10:42 2022
Ning√∫n archivo ha sido modificado. Hora: Sat Oct  1 14:10:47 2022
Ning√∫n archivo ha sido modificado. Hora: Sat Oct  1 14:10:52 2022
Ning√∫n archivo ha sido modificado. Hora: Sat Oct  1 14:10:57 2022
Ning√∫n archivo ha sido modificado. Hora: Sat Oct  1 14:11:02 2022
Ning√∫n archivo ha sido modificado. Hora: Sat Oct  1 14:11:07 2022
Ning√∫n archivo ha sido modificado. Hora: Sat Oct  1 14:11:12 2022
Ning√∫n archivo ha sido modificado. Hora: Sat Oct  1 14:11:17 2022
Ning√∫n archivo ha sido modificado. Hora: Sat Oct  1 14:11:23 2022
Ning√∫n archivo ha sido modificado. Hora: Sat Oct  1 14:11:28 2022
Ning√∫n archivo ha sido modificado. Hora: Sat Oct  1 14:11:33 2022
Ning√∫n archivo ha sido modificado. Hora: Sat Oct  1 14:11:38 2022
Ning√∫n archivo ha sido modificado. Hora: Sat Oct  1 14:11:43 2022
Ning√∫n archivo ha sido modificado. Hora: Sat Oct  1 14:11:48 2022
Ning√∫n archivo ha sido modificado. Hora: Sat Oct  1 14:11:53 2022
Ning√∫n archivo ha sido modificado. Hora: Sat Oct  1 14:11:58 2022
Ning√∫n archivo ha sido modificado. Hora: Sat Oct  1 14:12:03 2022
Ning√∫n archivo ha sido modificado. Hora: Sat Oct  1 14:12:08 2022
Ning√∫n archivo ha sido modificado. Hora: Sat Oct  1 14:12:13 2022
Ning√∫n archivo ha sido modificado. Hora: Sat Oct  1 14:12:18 2022
Ning√∫n archivo ha sido modificado. Hora: Sat Oct  1 14:12:23 2022
Ning√∫n archivo ha sido modificado. Hora: Sat Oct  1 14:12:28 2022
Ning√∫n archivo ha sido modificado. Hora: Sat Oct  1 14:12:34 2022
Ning√∫n archivo ha sido modificado. Hora: Sat Oct  1 14:12:39 2022
Ning√∫n archivo ha sido modificado. Hora: Sat Oct  1 14:12:44 2022
Ning√∫n archivo ha sido modificado. Hora: Sat Oct  1 14:12:49 2022
Ning√∫n archivo ha sido modificado. Hora: Sat Oct  1 14:12:54 2022
Ning√∫n archivo ha sido modificado. Hora: Sat Oct  1 14:12:59 2022
Ning√∫n archivo ha sido modificado. Hora: Sat Oct  1 14:13:04 2022
Ning√∫n archivo ha sido modificado. Hora: Sat Oct  1 14:15:35 2022
Ning√∫n archivo ha sido modificado. Hora: Sat Oct  1 14:15:40 2022
Ning√∫n archivo ha sido modificado. Hora: Sat Oct  1 14:15:45 2022
Ning√∫n archivo ha sido modificado. Hora: Sat Oct  1 14:15:50 2022
Ning√∫n archivo ha sido modificado. Hora: Sat Oct  1 14:15:56 2022
Ning√∫n archivo ha sido modificado. Hora: Sat Oct  1 14:16:01 2022
Ning√∫n archivo ha sido modificado. Hora: Sat Oct  1 14:16:06 2022
Ning√∫n archivo ha sido modificado. Hora: Sat Oct  1 14:16:11 2022
Ning√∫n archivo ha sido modificado. Hora: Sat Oct  1 16:28:57 2022
Ning√∫n archivo ha sido modificado. Hora: Sat Oct  1 16:29:02 2022
Ning√∫n archivo ha sido modificado. Hora: Sat Oct  1 16:29:07 2022
Ning√∫n archivo ha sido modificado. Hora: Sat Oct  1 16:29:12 2022
Ning√∫n archivo ha sido modificado. Hora: Sat Oct  1 16:29:17 2022
El archivo C:\Users\Manuel\Documents\SSII-code\SSII-PAI1\archivos\archivos2\texto.txt ha sido MODIFICADO. Hora: Sat Oct  1 16:29:23 2022
El archivo C:\Users\Manuel\Documents\SSII-code\SSII-PAI1\archivos\archivos2\texto.txt ha sido MODIFICADO. Hora: Sat Oct  1 16:29:28 2022
El archivo C:\Users\Manuel\Documents\SSII-code\SSII-PAI1\archivos\archivos2\texto.txt ha sido MODIFICADO. Hora: Sat Oct  1 16:29:33 2022
El archivo C:\Users\Manuel\Documents\SSII-code\SSII-PAI1\archivos\archivos2\texto.txt ha sido MODIFICADO. Hora: Sat Oct  1 16:29:38 2022
El archivo C:\Users\Manuel\Documents\SSII-code\SSII-PAI1\archivos\archivos2\texto.txt ha sido MODIFICADO. Hora: Sat Oct  1 16:29:43 2022
El archivo C:\Users\Manuel\Documents\SSII-code\SSII-PAI1\archivos\archivos2\texto.txt ha sido MODIFICADO. Hora: Sat Oct  1 16:29:48 2022
El archivo C:\Users\Manuel\Documents\SSII-code\SSII-PAI1\archivos\archivos2\texto.txt ha sido MODIFICADO. Hora: Sat Oct  1 16:29:53 2022
El archivo C:\Users\Manuel\Documents\SSII-code\SSII-PAI1\archivos\archivos2\texto.txt ha sido MODIFICADO. Hora: Sat Oct  1 16:29:58 2022
El archivo C:\Users\Manuel\Documents\SSII-code\SSII-PAI1\archivos\archivos2\texto.txt ha sido MODIFICADO. Hora: Sat Oct  1 16:30:03 2022
El archivo C:\Users\Manuel\Documents\SSII-code\SSII-PAI1\archivos\archivos2\texto.txt ha sido MODIFICADO. Hora: Sat Oct  1 16:30:08 2022
El archivo C:\Users\Manuel\Documents\SSII-code\SSII-PAI1\archivos\archivos2\texto.txt ha sido MODIFICADO. Hora: Sat Oct  1 16:30:13 2022
El archivo C:\Users\Manuel\Documents\SSII-code\SSII-PAI1\archivos\archivos2\texto.txt ha sido MODIFICADO. Hora: Sat Oct  1 16:30:18 2022
El archivo C:\Users\Manuel\Documents\SSII-code\SSII-PAI1\archivos\archivos2\texto.txt ha sido MODIFICADO. Hora: Sat Oct  1 16:30:23 2022
El archivo C:\Users\Manuel\Documents\SSII-code\SSII-PAI1\archivos\archivos2\texto.txt ha sido MODIFICADO. Hora: Sat Oct  1 16:30:28 2022
El archivo C:\Users\Manuel\Documents\SSII-code\SSII-PAI1\archivos\archivos2\texto.txt ha sido MODIFICADO. Hora: Sat Oct  1 16:30:33 2022
El archivo C:\Users\Manuel\Documents\SSII-code\SSII-PAI1\archivos\archivos2\texto.txt ha sido MODIFICADO. Hora: Sat Oct  1 16:30:39 2022
El archivo C:\Users\Manuel\Documents\SSII-code\SSII-PAI1\archivos\archivos2\texto.txt ha sido MODIFICADO. Hora: Sat Oct  1 16:30:44 2022
El archivo C:\Users\Manuel\Documents\SSII-code\SSII-PAI1\archivos\archivos2\texto.txt ha sido MODIFICADO. Hora: Sat Oct  1 16:30:49 2022
El archivo C:\Users\Manuel\Documents\SSII-code\SSII-PAI1\archivos\archivos2\texto.txt ha sido MODIFICADO. Hora: Sat Oct  1 16:30:54 2022
El archivo C:\Users\Manuel\Documents\SSII-code\SSII-PAI1\archivos\archivos2\texto.txt ha sido MODIFICADO. Hora: Sat Oct  1 16:30:59 2022
El archivo C:\Users\Manuel\Documents\SSII-code\SSII-PAI1\archivos\archivos2\texto.txt ha sido MODIFICADO. Hora: Sat Oct  1 16:31:04 2022
El archivo C:\Users\Manuel\Documents\SSII-code\SSII-PAI1\archivos\archivos2\texto.txt ha sido MODIFICADO. Hora: Sat Oct  1 16:31:09 2022
El archivo C:\Users\Manuel\Documents\SSII-code\SSII-PAI1\archivos\archivos2\texto.txt ha sido MODIFICADO. Hora: Sat Oct  1 16:31:14 2022
El archivo C:\Users\Manuel\Documents\SSII-code\SSII-PAI1\archivos\archivos2\texto.txt ha sido MODIFICADO. Hora: Sat Oct  1 16:31:19 2022
El archivo C:\Users\Manuel\Documents\SSII-code\SSII-PAI1\archivos\archivos2\texto.txt ha sido MODIFICADO. Hora: Sat Oct  1 16:31:24 2022
El archivo C:\Users\Manuel\Documents\SSII-code\SSII-PAI1\archivos\archivos2\texto.txt ha sido MODIFICADO. Hora: Sat Oct  1 16:31:29 2022
Ning√∫n archivo ha sido modificado. Hora: Sat Oct  1 16:31:55 2022
El archivo C:\Users\Manuel\Documents\SSII-code\SSII-PAI1\archivos\archivos2\texto.txt ha sido MODIFICADO. Hora: Sat Oct  1 16:32:00 2022
El archivo C:\Users\Manuel\Documents\SSII-code\SSII-PAI1\archivos\archivos2\texto.txt ha sido MODIFICADO. Hora: Sat Oct  1 16:32:05 2022
El archivo C:\Users\Manuel\Documents\SSII-code\SSII-PAI1\archivos\archivos2\texto.txt ha sido MODIFICADO. Hora: Sat Oct  1 16:32:10 2022
El archivo C:\Users\Manuel\Documents\SSII-code\SSII-PAI1\archivos\archivos2\texto.txt ha sido MODIFICADO. Hora: Sat Oct  1 16:32:16 2022
El archivo C:\Users\Manuel\Documents\SSII-code\SSII-PAI1\archivos\archivos2\texto.txt ha sido MODIFICADO. Hora: Sat Oct  1 16:32:21 2022
El archivo C:\Users\Manuel\Documents\SSII-code\SSII-PAI1\archivos\archivos2\texto.txt ha sido MODIFICADO. Hora: Sat Oct  1 16:32:26 2022
El archivo C:\Users\Manuel\Documents\SSII-code\SSII-PAI1\archivos\archivos2\texto.txt ha sido MODIFICADO. Hora: Sat Oct  1 16:32:31 2022
El archivo C:\Users\Manuel\Documents\SSII-code\SSII-PAI1\archivos\archivos2\texto.txt ha sido MODIFICADO. Hora: Sat Oct  1 16:32:36 2022
El archivo C:\Users\Manuel\Documents\SSII-code\SSII-PAI1\archivos\archivos2\texto.txt ha sido MODIFICADO. Hora: Sat Oct  1 16:32:41 2022
El archivo C:\Users\Manuel\Documents\SSII-code\SSII-PAI1\archivos\archivos2\texto.txt ha sido MODIFICADO. Hora: Sat Oct  1 16:32:46 2022
El archivo C:\Users\Manuel\Documents\SSII-code\SSII-PAI1\archivos\archivos2\texto.txt ha sido MODIFICADO. Hora: Sat Oct  1 16:32:51 2022
El archivo C:\Users\Manuel\Documents\SSII-code\SSII-PAI1\archivos\archivos2\texto.txt ha sido MODIFICADO. Hora: Sat Oct  1 16:32:56 2022
Ning√∫n archivo ha sido modificado. Hora: Sat Oct  1 16:33:32 2022
Ning√∫n archivo ha sido modificado. Hora: Sat Oct  1 16:33:37 2022
El archivo C:\Users\Manuel\Documents\SSII-code\SSII-PAI1\archivos\archivos2\texto.txt ha sido MODIFICADO. Hora: Sat Oct  1 16:33:42 2022
El archivo C:\Users\Manuel\Documents\SSII-code\SSII-PAI1\archivos\archivos2\texto.txt ha sido MODIFICADO. Hora: Sat Oct  1 16:33:48 2022
El archivo C:\Users\Manuel\Documents\SSII-code\SSII-PAI1\archivos\archivos2\texto.txt ha sido MODIFICADO. Hora: Sat Oct  1 16:33:53 2022
El archivo C:\Users\Manuel\Documents\SSII-code\SSII-PAI1\archivos\archivos2\texto.txt ha sido MODIFICADO. Hora: Sat Oct  1 16:33:58 2022
El archivo C:\Users\Manuel\Documents\SSII-code\SSII-PAI1\archivos\archivos2\texto.txt ha sido MODIFICADO. Hora: Sat Oct  1 16:34:03 2022
El archivo C:\Users\Manuel\Documents\SSII-code\SSII-PAI1\archivos\archivos2\texto.txt ha sido MODIFICADO. Hora: Sat Oct  1 16:34:08 2022
El archivo C:\Users\Manuel\Documents\SSII-code\SSII-PAI1\archivos\archivos2\texto.txt ha sido MODIFICADO. Hora: Sat Oct  1 16:34:13 2022
El archivo C:\Users\Manuel\Documents\SSII-code\SSII-PAI1\archivos\archivos2\texto.txt ha sido MODIFICADO. Hora: Sat Oct  1 16:34:18 2022
El archivo C:\Users\Manuel\Documents\SSII-code\SSII-PAI1\archivos\archivos2\texto.txt ha sido MODIFICADO. Hora: Sat Oct  1 16:34:23 2022
El archivo C:\Users\Manuel\Documents\SSII-code\SSII-PAI1\archivos\archivos2\texto.txt ha sido MODIFICADO. Hora: Sat Oct  1 16:34:28 2022
El archivo C:\Users\Manuel\Documents\SSII-code\SSII-PAI1\archivos\archivos2\texto.txt ha sido MODIFICADO. Hora: Sat Oct  1 16:34:33 2022
Ning√∫n archivo ha sido modificado. Hora: Sat Oct  1 16:45:23 2022
Ning√∫n archivo ha sido modificado. Hora: Sat Oct  1 16:45:28 2022
Ning√∫n archivo ha sido modificado. Hora: Sat Oct  1 16:45:33 2022
Ning√∫n archivo ha sido modificado. Hora: Sat Oct  1 16:45:38 2022
Ning√∫n archivo ha sido modificado. Hora: Sat Oct  1 16:45:43 2022
Ning√∫n archivo ha sido modificado. Hora: Sat Oct  1 16:45:49 2022
Ning√∫n archivo ha sido modificado. Hora: Sat Oct  1 16:46:47 2022
Ning√∫n archivo ha sido modificado. Hora: Sat Oct  1 16:46:52 2022
Ning√∫n archivo ha sido modificado. Hora: Sat Oct  1 16:46:57 2022
Ning√∫n archivo ha sido modificado. Hora: Sat Oct  1 16:47:03 2022
Ning√∫n archivo ha sido modificado. Hora: Sat Oct  1 16:47:08 2022
Ning√∫n archivo ha sido modificado. Hora: Sat Oct  1 16:47:13 2022
Ning√∫n archivo ha sido modificado. Hora: Sat Oct  1 16:47:18 2022
Ning√∫n archivo ha sido modificado. Hora: Sat Oct  1 16:48:24 2022
Ning√∫n archivo ha sido modificado. Hora: Sat Oct  1 16:48:29 2022
Ning√∫n archivo ha sido modificado. Hora: Sat Oct  1 16:48:34 2022
Ning√∫n archivo ha sido modificado. Hora: Sat Oct  1 16:48:39 2022
Ning√∫n archivo ha sido modificado. Hora: Sat Oct  1 16:48:44 2022
Ning√∫n archivo ha sido modificado. Hora: Sat Oct  1 16:48:49 2022
Ning√∫n archivo ha sido modificado. Hora: Sat Oct  1 16:48:54 2022
Ning√∫n archivo ha sido modificado. Hora: Sat Oct  1 16:48:59 2022
Ning√∫n archivo ha sido modificado. Hora: Sat Oct  1 16:49:04 2022
Ning√∫n archivo ha sido modificado. Hora: Sat Oct  1 16:49:09 2022
Ning√∫n archivo ha sido modificado. Hora: Sat Oct  1 16:49:14 2022
Ning√∫n archivo ha sido modificado. Hora: Sat Oct  1 16:49:19 2022
Ning√∫n archivo ha sido modificado. Hora: Sat Oct  1 16:49:24 2022
Ning√∫n archivo ha sido modificado. Hora: Sat Oct  1 16:49:30 2022
Ning√∫n archivo ha sido modificado. Hora: Sat Oct  1 16:49:35 2022
Ning√∫n archivo ha sido modificado. Hora: Sat Oct  1 16:49:40 2022
Ning√∫n archivo ha sido modificado. Hora: Sat Oct  1 16:49:45 2022
Ning√∫n archivo ha sido modificado. Hora: Sat Oct  1 17:04:33 2022
El archivo C:\Users\Manuel\Documents\SSII-code\SSII-PAI1\archivos\archivos2\texto.txt ha sido MODIFICADO. Hora: Sat Oct  1 17:04:38 2022
El archivo C:\Users\Manuel\Documents\SSII-code\SSII-PAI1\archivos\archivos2\texto.txt ha sido MODIFICADO. Hora: Sat Oct  1 17:04:43 2022
El archivo C:\Users\Manuel\Documents\SSII-code\SSII-PAI1\archivos\archivos2\texto.txt ha sido MODIFICADO. Hora: Sat Oct  1 17:04:48 2022
El archivo C:\Users\Manuel\Documents\SSII-code\SSII-PAI1\archivos\archivos2\texto.txt ha sido MODIFICADO. Hora: Sat Oct  1 17:04:53 2022
El archivo C:\Users\Manuel\Documents\SSII-code\SSII-PAI1\archivos\archivos2\texto.txt ha sido MODIFICADO. Hora: Sat Oct  1 17:04:59 2022
Ning√∫n archivo ha sido modificado. Hora: Sat Oct  1 17:05:28 2022
Ning√∫n archivo ha sido modificado. Hora: Sat Oct  1 17:05:33 2022
Ning√∫n archivo ha sido modificado. Hora: Sat Oct  1 17:05:38 2022
El archivo C:\Users\Manuel\Documents\SSII-code\SSII-PAI1\archivos\archivos2\texto.txt ha sido MODIFICADO. Hora: Sat Oct  1 17:05:43 2022
El archivo C:\Users\Manuel\Documents\SSII-code\SSII-PAI1\archivos\archivos2\texto.txt ha sido MODIFICADO. Hora: Sat Oct  1 17:05:48 2022
El archivo C:\Users\Manuel\Documents\SSII-code\SSII-PAI1\archivos\archivos2\texto.txt ha sido MODIFICADO. Hora: Sat Oct  1 17:05:53 2022
El archivo C:\Users\Manuel\Documents\SSII-code\SSII-PAI1\archivos\archivos2\texto.txt ha sido MODIFICADO. Hora: Sat Oct  1 17:05:58 2022
Ning√∫n archivo ha sido modificado. Hora: Sat Oct  1 17:07:56 2022
Ning√∫n archivo ha sido modificado. Hora: Sat Oct  1 17:08:02 2022
Ning√∫n archivo ha sido modificado. Hora: Sat Oct  1 17:08:07 2022
Ning√∫n archivo ha sido modificado. Hora: Sat Oct  1 17:08:12 2022
Ning√∫n archivo ha sido modificado. Hora: Sat Oct  1 17:08:17 2022
El archivo C:\Users\Manuel\Documents\SSII-code\SSII-PAI1\archivos\archivos2\texto.txt ha sido MODIFICADO. Hora: Sat Oct  1 17:08:22 2022
El archivo C:\Users\Manuel\Documents\SSII-code\SSII-PAI1\archivos\archivos2\texto.txt ha sido MODIFICADO. Hora: Sat Oct  1 17:08:27 2022
El archivo C:\Users\Manuel\Documents\SSII-code\SSII-PAI1\archivos\archivos2\texto.txt ha sido MODIFICADO. Hora: Sat Oct  1 17:08:32 2022
El archivo C:\Users\Manuel\Documents\SSII-code\SSII-PAI1\archivos\archivos2\texto.txt ha sido MODIFICADO. Hora: Sat Oct  1 17:08:37 2022
El archivo C:\Users\Manuel\Documents\SSII-code\SSII-PAI1\archivos\archivos2\texto.txt ha sido MODIFICADO. Hora: Sat Oct  1 17:08:42 2022
El archivo C:\Users\Manuel\Documents\SSII-code\SSII-PAI1\archivos\archivos2\texto.txt ha sido MODIFICADO. Hora: Sat Oct  1 17:08:47 2022
El archivo C:\Users\Manuel\Documents\SSII-code\SSII-PAI1\archivos\archivos2\texto.txt ha sido MODIFICADO. Hora: Sat Oct  1 17:08:52 2022
El archivo C:\Users\Manuel\Documents\SSII-code\SSII-PAI1\archivos\archivos2\texto.txt ha sido MODIFICADO. Hora: Sat Oct  1 17:08:57 2022
El archivo C:\Users\Manuel\Documents\SSII-code\SSII-PAI1\archivos\archivos2\texto.txt ha sido MODIFICADO. Hora: Sat Oct  1 17:09:02 2022
El archivo C:\Users\Manuel\Documents\SSII-code\SSII-PAI1\archivos\archivos2\texto.txt ha sido MODIFICADO. Hora: Sat Oct  1 17:09:08 2022
El archivo C:\Users\Manuel\Documents\SSII-code\SSII-PAI1\archivos\archivos2\texto.txt ha sido MODIFICADO. Hora: Sat Oct  1 17:09:13 2022
El archivo C:\Users\Manuel\Documents\SSII-code\SSII-PAI1\archivos\archivos2\texto.txt ha sido MODIFICADO. Hora: Sat Oct  1 17:09:18 2022
El archivo C:\Users\Manuel\Documents\SSII-code\SSII-PAI1\archivos\archivos2\texto.txt ha sido MODIFICADO. Hora: Sat Oct  1 17:09:23 2022
El archivo C:\Users\Manuel\Documents\SSII-code\SSII-PAI1\archivos\archivos2\texto.txt ha sido MODIFICADO. Hora: Sat Oct  1 17:09:28 2022
El archivo C:\Users\Manuel\Documents\SSII-code\SSII-PAI1\archivos\archivos2\texto.txt ha sido MODIFICADO. Hora: Sat Oct  1 17:09:33 2022
El archivo C:\Users\Manuel\Documents\SSII-code\SSII-PAI1\archivos\archivos2\texto.txt ha sido MODIFICADO. Hora: Sat Oct  1 17:09:38 2022
El archivo C:\Users\Manuel\Documents\SSII-code\SSII-PAI1\archivos\archivos2\texto.txt ha sido MODIFICADO. Hora: Sat Oct  1 17:09:43 2022
El archivo C:\Users\Manuel\Documents\SSII-code\SSII-PAI1\archivos\archivos2\texto.txt ha sido MODIFICADO. Hora: Sat Oct  1 17:09:48 2022
El archivo C:\Users\Manuel\Documents\SSII-code\SSII-PAI1\archivos\archivos2\texto.txt ha sido MODIFICADO. Hora: Sat Oct  1 17:09:53 2022
El archivo C:\Users\Manuel\Documents\SSII-code\SSII-PAI1\archivos\archivos2\texto.txt ha sido MODIFICADO. Hora: Sat Oct  1 17:09:58 2022
El archivo C:\Users\Manuel\Documents\SSII-code\SSII-PAI1\archivos\archivos2\texto.txt ha sido MODIFICADO. Hora: Sat Oct  1 17:10:03 2022
El archivo C:\Users\Manuel\Documents\SSII-code\SSII-PAI1\archivos\archivos2\texto.txt ha sido MODIFICADO. Hora: Sat Oct  1 17:10:08 2022
El archivo C:\Users\Manuel\Documents\SSII-code\SSII-PAI1\archivos\archivos2\texto.txt ha sido MODIFICADO. Hora: Sat Oct  1 17:10:13 2022
El archivo C:\Users\Manuel\Documents\SSII-code\SSII-PAI1\archivos\archivos2\texto.txt ha sido MODIFICADO. Hora: Sat Oct  1 17:10:19 2022
El archivo C:\Users\Manuel\Documents\SSII-code\SSII-PAI1\archivos\archivos2\texto.txt ha sido MODIFICADO. Hora: Sat Oct  1 17:10:24 2022
El archivo C:\Users\Manuel\Documents\SSII-code\SSII-PAI1\archivos\archivos2\texto.txt ha sido MODIFICADO. Hora: Sat Oct  1 17:10:29 2022
El archivo C:\Users\Manuel\Documents\SSII-code\SSII-PAI1\archivos\archivos2\texto.txt ha sido MODIFICADO. Hora: Sat Oct  1 17:10:34 2022
El archivo C:\Users\Manuel\Documents\SSII-code\SSII-PAI1\archivos\archivos2\texto.txt ha sido MODIFICADO. Hora: Sat Oct  1 17:10:39 2022
El archivo C:\Users\Manuel\Documents\SSII-code\SSII-PAI1\archivos\archivos2\texto.txt ha sido MODIFICADO. Hora: Sat Oct  1 17:10:44 2022
El archivo C:\Users\Manuel\Documents\SSII-code\SSII-PAI1\archivos\archivos2\texto.txt ha sido MODIFICADO. Hora: Sat Oct  1 17:10:49 2022
El archivo C:\Users\Manuel\Documents\SSII-code\SSII-PAI1\archivos\archivos2\texto.txt ha sido MODIFICADO. Hora: Sat Oct  1 17:10:54 2022
El archivo C:\Users\Manuel\Documents\SSII-code\SSII-PAI1\archivos\archivos2\texto.txt ha sido MODIFICADO. Hora: Sat Oct  1 17:10:59 2022
El archivo C:\Users\Manuel\Documents\SSII-code\SSII-PAI1\archivos\archivos2\texto.txt ha sido MODIFICADO. Hora: Sat Oct  1 17:11:04 2022
El archivo C:\Users\Manuel\Documents\SSII-code\SSII-PAI1\archivos\archivos2\texto.txt ha sido MODIFICADO. Hora: Sat Oct  1 17:11:09 2022
El archivo C:\Users\Manuel\Documents\SSII-code\SSII-PAI1\archivos\archivos2\texto.txt ha sido MODIFICADO. Hora: Sat Oct  1 17:11:14 2022
El archivo C:\Users\Manuel\Documents\SSII-code\SSII-PAI1\archivos\archivos2\texto.txt ha sido MODIFICADO. Hora: Sat Oct  1 17:11:19 2022
El archivo C:\Users\Manuel\Documents\SSII-code\SSII-PAI1\archivos\archivos2\texto.txt ha sido MODIFICADO. Hora: Sat Oct  1 17:11:24 2022
El archivo C:\Users\Manuel\Documents\SSII-code\SSII-PAI1\archivos\archivos2\texto.txt ha sido MODIFICADO. Hora: Sat Oct  1 17:11:30 2022
El archivo C:\Users\Manuel\Documents\SSII-code\SSII-PAI1\archivos\archivos2\texto.txt ha sido MODIFICADO. Hora: Sat Oct  1 17:11:35 2022
El archivo C:\Users\Manuel\Documents\SSII-code\SSII-PAI1\archivos\archivos2\texto.txt ha sido MODIFICADO. Hora: Sat Oct  1 17:11:40 2022
El archivo C:\Users\Manuel\Documents\SSII-code\SSII-PAI1\archivos\archivos2\texto.txt ha sido MODIFICADO. Hora: Sat Oct  1 17:11:45 2022
El archivo C:\Users\Manuel\Documents\SSII-code\SSII-PAI1\archivos\archivos2\texto.txt ha sido MODIFICADO. Hora: Sat Oct  1 17:11:50 2022
Ning√∫n archivo ha sido modificado. Hora: Sat Oct  1 17:12:11 2022
El archivo C:\Users\Manuel\Documents\SSII-code\SSII-PAI1\archivos\archivos2\texto.txt ha sido MODIFICADO. Hora: Sat Oct  1 17:12:16 2022
El archivo C:\Users\Manuel\Documents\SSII-code\SSII-PAI1\archivos\archivos2\texto.txt ha sido MODIFICADO. Hora: Sat Oct  1 17:12:21 2022
El archivo C:\Users\Manuel\Documents\SSII-code\SSII-PAI1\archivos\archivos2\texto.txt ha sido MODIFICADO. Hora: Sat Oct  1 17:12:26 2022
El archivo C:\Users\Manuel\Documents\SSII-code\SSII-PAI1\archivos\archivos2\texto.txt ha sido MODIFICADO. Hora: Sat Oct  1 17:12:31 2022
El archivo C:\Users\Manuel\Documents\SSII-code\SSII-PAI1\archivos\archivos2\texto.txt ha sido MODIFICADO. Hora: Sat Oct  1 17:12:36 2022
El archivo C:\Users\Manuel\Documents\SSII-code\SSII-PAI1\archivos\archivos2\texto.txt ha sido MODIFICADO. Hora: Sat Oct  1 17:12:41 2022
El archivo C:\Users\Manuel\Documents\SSII-code\SSII-PAI1\archivos\archivos2\texto.txt ha sido MODIFICADO. Hora: Sat Oct  1 17:12:46 2022
El archivo C:\Users\Manuel\Documents\SSII-code\SSII-PAI1\archivos\archivos2\texto.txt ha sido MODIFICADO. Hora: Sat Oct  1 17:12:51 2022
El archivo C:\Users\Manuel\Documents\SSII-code\SSII-PAI1\archivos\archivos2\texto.txt ha sido MODIFICADO. Hora: Sat Oct  1 17:12:56 2022
El archivo C:\Users\Manuel\Documents\SSII-code\SSII-PAI1\archivos\archivos2\texto.txt ha sido MODIFICADO. Hora: Sat Oct  1 17:13:02 2022
El archivo C:\Users\Manuel\Documents\SSII-code\SSII-PAI1\archivos\archivos2\texto.txt ha sido MODIFICADO. Hora: Sat Oct  1 17:13:07 2022
El archivo C:\Users\Manuel\Documents\SSII-code\SSII-PAI1\archivos\archivos2\texto.txt ha sido MODIFICADO. Hora: Sat Oct  1 17:13:12 2022
El archivo C:\Users\Manuel\Documents\SSII-code\SSII-PAI1\archivos\archivos2\texto.txt ha sido MODIFICADO. Hora: Sat Oct  1 17:13:17 2022
El archivo C:\Users\Manuel\Documents\SSII-code\SSII-PAI1\archivos\archivos2\texto.txt ha sido MODIFICADO. Hora: Sat Oct  1 17:13:22 2022
El archivo C:\Users\Manuel\Documents\SSII-code\SSII-PAI1\archivos\archivos2\texto.txt ha sido MODIFICADO. Hora: Sat Oct  1 17:13:27 2022
El archivo C:\Users\Manuel\Documents\SSII-code\SSII-PAI1\archivos\archivos2\texto.txt ha sido MODIFICADO. Hora: Sat Oct  1 17:13:32 2022
El archivo C:\Users\Manuel\Documents\SSII-code\SSII-PAI1\archivos\archivos2\texto.txt ha sido MODIFICADO. Hora: Sat Oct  1 17:13:37 2022
El archivo C:\Users\Manuel\Documents\SSII-code\SSII-PAI1\archivos\archivos2\texto.txt ha sido MODIFICADO. Hora: Sat Oct  1 17:13:42 2022
El archivo C:\Users\Manuel\Documents\SSII-code\SSII-PAI1\archivos\archivos2\texto.txt ha sido MODIFICADO. Hora: Sat Oct  1 17:13:47 2022
El archivo C:\Users\Manuel\Documents\SSII-code\SSII-PAI1\archivos\archivos2\texto.txt ha sido MODIFICADO. Hora: Sat Oct  1 17:13:52 2022
El archivo C:\Users\Manuel\Documents\SSII-code\SSII-PAI1\archivos\archivos2\texto.txt ha sido MODIFICADO. Hora: Sat Oct  1 17:13:57 2022
El archivo C:\Users\Manuel\Documents\SSII-code\SSII-PAI1\archivos\archivos2\texto.txt ha sido MODIFICADO. Hora: Sat Oct  1 17:14:02 2022
El archivo C:\Users\Manuel\Documents\SSII-code\SSII-PAI1\archivos\archivos2\texto.txt ha sido MODIFICADO. Hora: Sat Oct  1 17:14:08 2022
El archivo C:\Users\Manuel\Documents\SSII-code\SSII-PAI1\archivos\archivos2\texto.txt ha sido MODIFICADO. Hora: Sat Oct  1 17:14:13 2022
El archivo C:\Users\Manuel\Documents\SSII-code\SSII-PAI1\archivos\archivos2\texto.txt ha sido MODIFICADO. Hora: Sat Oct  1 17:14:18 2022
El archivo C:\Users\Manuel\Documents\SSII-code\SSII-PAI1\archivos\archivos2\texto.txt ha sido MODIFICADO. Hora: Sat Oct  1 17:14:23 2022
El archivo C:\Users\Manuel\Documents\SSII-code\SSII-PAI1\archivos\archivos2\texto.txt ha sido MODIFICADO. Hora: Sat Oct  1 17:14:28 2022
El archivo C:\Users\Manuel\Documents\SSII-code\SSII-PAI1\archivos\archivos2\texto.txt ha sido MODIFICADO. Hora: Sat Oct  1 17:14:33 2022
El archivo C:\Users\Manuel\Documents\SSII-code\SSII-PAI1\archivos\archivos2\texto.txt ha sido MODIFICADO. Hora: Sat Oct  1 17:14:38 2022
El archivo C:\Users\Manuel\Documents\SSII-code\SSII-PAI1\archivos\archivos2\texto.txt ha sido MODIFICADO. Hora: Sat Oct  1 17:14:43 2022
El archivo C:\Users\Manuel\Documents\SSII-code\SSII-PAI1\archivos\archivos2\texto.txt ha sido MODIFICADO. Hora: Sat Oct  1 17:14:48 2022
El archivo C:\Users\Manuel\Documents\SSII-code\SSII-PAI1\archivos\archivos2\texto.txt ha sido MODIFICADO. Hora: Sat Oct  1 17:14:53 2022
El archivo C:\Users\Manuel\Documents\SSII-code\SSII-PAI1\archivos\archivos2\texto.txt ha sido MODIFICADO. Hora: Sat Oct  1 17:14:58 2022
El archivo C:\Users\Manuel\Documents\SSII-code\SSII-PAI1\archivos\archivos2\texto.txt ha sido MODIFICADO. Hora: Sat Oct  1 17:15:03 2022
El archivo C:\Users\Manuel\Documents\SSII-code\SSII-PAI1\archivos\archivos2\texto.txt ha sido MODIFICADO. Hora: Sat Oct  1 17:15:08 2022
El archivo C:\Users\Manuel\Documents\SSII-code\SSII-PAI1\archivos\archivos2\texto.txt ha sido MODIFICADO. Hora: Sat Oct  1 17:15:13 2022
El archivo C:\Users\Manuel\Documents\SSII-code\SSII-PAI1\archivos\archivos2\texto.txt ha sido MODIFICADO. Hora: Sat Oct  1 17:15:18 2022
El archivo C:\Users\Manuel\Documents\SSII-code\SSII-PAI1\archivos\archivos2\texto.txt ha sido MODIFICADO. Hora: Sat Oct  1 17:15:24 2022
El archivo C:\Users\Manuel\Documents\SSII-code\SSII-PAI1\archivos\archivos2\texto.txt ha sido MODIFICADO. Hora: Sat Oct  1 17:15:29 2022
El archivo C:\Users\Manuel\Documents\SSII-code\SSII-PAI1\archivos\archivos2\texto.txt ha sido MODIFICADO. Hora: Sat Oct  1 17:15:34 2022
