Reporte del mes 09/22: Número de incidentes: 1
El archivo "C:\Users\mendo\Desktop\Proyectos\US_ES_SSII\SSII-PAI1\archivos\archivos2\texto.txt" fue modificado el Thu Sep 29 11:02:00 2022
----- Fin del reporte del mes -----
Reporte del mes 09/22: Número de incidentes: 2
El archivo "C:\Users\mendo\Desktop\Proyectos\US_ES_SSII\SSII-PAI1\archivos\archivos2\texto.txt" fue modificado el Thu Sep 29 11:04:00 2022
El archivo "C:\Users\mendo\Desktop\Proyectos\US_ES_SSII\SSII-PAI1\archivos\paisaje_copia.jpg" fue modificado el Thu Sep 29 11:04:00 2022
----- Fin del reporte del mes -----
Reporte del mes 09/22: Número de incidentes: 0
----- Fin del reporte del mes -----
Reporte del mes 09/22: Número de incidentes: 0
----- Fin del reporte del mes -----
Reporte del mes 10/22: Número de incidentes: 0
----- Fin del reporte del mes -----
Reporte del mes 10/22: Número de incidentes: 0
----- Fin del reporte del mes -----
Reporte del mes 10/22: Número de incidentes: 0
----- Fin del reporte del mes -----
Reporte del mes 10/22: Número de incidentes: 0
----- Fin del reporte del mes -----
Reporte del mes 10/22: Número de incidentes: 1
El archivo "C:\Users\Manuel\Documents\SSII-code\SSII-PAI1\archivos\archivos2\texto.txt" fue modificado el Sat Oct  1 16:33:42 2022
----- Fin del reporte del mes -----
Reporte del mes 10/22: Número de incidentes: 0
----- Fin del reporte del mes -----
Reporte del mes 10/22: Número de incidentes: 0
----- Fin del reporte del mes -----
Reporte del mes 10/22: Número de incidentes: 1
El archivo "C:\Users\Manuel\Documents\SSII-code\SSII-PAI1\archivos\archivos2\texto.txt" fue modificado el Sat Oct  1 17:04:38 2022
Reporte del mes 10/22: Número de incidentes: 1
El archivo "C:\Users\Manuel\Documents\SSII-code\SSII-PAI1\archivos\archivos2\texto.txt" fue modificado el Sat Oct  1 17:05:43 2022
Reporte del mes 10/22: Número de incidentes: 0
----- Fin del reporte del mes -----
Reporte del mes 10/22: Número de incidentes: 1
El archivo "C:\Users\Manuel\Documents\SSII-code\SSII-PAI1\archivos\archivos2\texto.txt" fue modificado el Sat Oct  1 17:12:16 2022
----- Fin del reporte del mes -----
Reporte del mes 10/22: Número de incidentes: 1
El archivo "C:\Users\Manuel\Documents\SSII-code\SSII-PAI1\archivos\archivos2\texto.txt" fue modificado el Sun Oct  2 11:24:31 2022
----- Fin del reporte del mes -----
Reporte del mes 10/22: Número de incidentes: 0
----- Fin del reporte del mes -----
Reporte del mes 10/22: Número de incidentes: 1
El archivo "C:\Users\Manuel\Documents\SSII-code\SSII-PAI1\archivos\archivos2\texto.txt" fue modificado el Sun Oct  2 11:37:40 2022
----- Fin del reporte del mes -----
